<?xml version="1.0" encoding="UTF-8"?>
<testsuite xmlns:xsi="http://www.w3.org/2001/XMLSchema-instance" xsi:noNamespaceSchemaLocation="https://maven.apache.org/surefire/maven-surefire-plugin/xsd/surefire-test-report-3.0.xsd" version="3.0" name="dev.reelratings.ReelRatings.ReelRatingsApplicationTests" time="1.676" tests="1" errors="0" skipped="0" failures="0">
  <properties>
[...]
</properties>
  <testcase name="contextLoads" classname="dev.reelratings.ReelRatings.ReelRatingsApplicationTests" time="0.438">
    <system-out><![CDATA[15:35:14.930 [main] INFO org.springframework.test.context.support.AnnotationConfigContextLoaderUtils -- Could not detect default configuration classes for test class [dev.reelratings.ReelRatings.ReelRatingsApplicationTests]: ReelRatingsApplicationTests does not declare any static, non-private, non-final, nested classes annotated with @Configuration.
15:35:14.987 [main] INFO org.springframework.boot.test.context.SpringBootTestContextBootstrapper -- Found @SpringBootConfiguration dev.reelratings.ReelRatings.ReelRatingsApplication for test class dev.reelratings.ReelRatings.ReelRatingsApplicationTests

  .   ____          _            __ _ _
 /\\ / ___'_ __ _ _(_)_ __  __ _ \ \ \ \
( ( )\___ | '_ | '_| | '_ \/ _` | \ \ \ \
 \\/  ___)| |_)| | | | | || (_| |  ) ) ) )
  '  |____| .__|_| |_|_| |_\__, | / / / /
 =========|_|==============|___/=/_/_/_/
 :: Spring Boot ::             (v3.2.0-M1)

2023-08-13T15:35:15.178-07:00  INFO 51014 --- [           main] d.r.R.ReelRatingsApplicationTests        : Starting ReelRatingsApplicationTests using Java 17.0.8 with PID 51014 (started by ashichauhan in /Users/ashichauhan/Developer/Projects/capstone-backend)
2023-08-13T15:35:15.178-07:00  INFO 51014 --- [           main] d.r.R.ReelRatingsApplicationTests        : No active profile set, falling back to 1 default profile: "default"
2023-08-13T15:35:15.429-07:00  INFO 51014 --- [           main] .s.d.r.c.RepositoryConfigurationDelegate : Bootstrapping Spring Data MongoDB repositories in DEFAULT mode.
2023-08-13T15:35:15.456-07:00  INFO 51014 --- [           main] .s.d.r.c.RepositoryConfigurationDelegate : Finished Spring Data repository scanning in 24 ms. Found 2 MongoDB repository interfaces.
2023-08-13T15:35:15.680-07:00  INFO 51014 --- [           main] org.mongodb.driver.client                : MongoClient with metadata {"driver": {"name": "mongo-java-driver|sync|spring-boot", "version": "4.10.2"}, "os": {"type": "Darwin", "name": "Mac OS X", "architecture": "aarch64", "version": "12.0.1"}, "platform": "Java/Oracle Corporation/17.0.8+9-LTS-211"} created with settings MongoClientSettings{readPreference=primary, writeConcern=WriteConcern{w=null, wTimeout=null ms, journal=null}, retryWrites=true, retryReads=true, readConcern=ReadConcern{level=null}, credential=MongoCredential{mechanism=null, userName='avcswe17', source='admin', password=<hidden>, mechanismProperties=<hidden>}, streamFactoryFactory=null, commandListeners=[], codecRegistry=ProvidersCodecRegistry{codecProviders=[ValueCodecProvider{}, BsonValueCodecProvider{}, DBRefCodecProvider{}, DBObjectCodecProvider{}, DocumentCodecProvider{}, CollectionCodecProvider{}, IterableCodecProvider{}, MapCodecProvider{}, GeoJsonCodecProvider{}, GridFSFileCodecProvider{}, Jsr310CodecProvider{}, JsonObjectCodecProvider{}, BsonCodecProvider{}, EnumCodecProvider{}, com.mongodb.client.model.mql.ExpressionCodecProvider@254449bb, com.mongodb.Jep395RecordCodecProvider@4e642ee1, com.mongodb.KotlinCodecProvider@29ebbdf4]}, loggerSettings=LoggerSettings{maxDocumentLength=1000}, clusterSettings={hosts=[127.0.0.1:27017], srvHost=reelratingscluster.jgvtex1.mongodb.net, srvServiceName=mongodb, mode=MULTIPLE, requiredClusterType=REPLICA_SET, requiredReplicaSetName='atlas-9j2cji-shard-0', serverSelector='null', clusterListeners='[]', serverSelectionTimeout='30000 ms', localThreshold='30000 ms'}, socketSettings=SocketSettings{connectTimeoutMS=10000, readTimeoutMS=0, receiveBufferSize=0, sendBufferSize=0}, heartbeatSocketSettings=SocketSettings{connectTimeoutMS=10000, readTimeoutMS=10000, receiveBufferSize=0, sendBufferSize=0}, connectionPoolSettings=ConnectionPoolSettings{maxSize=100, minSize=0, maxWaitTimeMS=120000, maxConnectionLifeTimeMS=0, maxConnectionIdleTimeMS=0, maintenanceInitialDelayMS=0, maintenanceFrequencyMS=60000, connectionPoolListeners=[], maxConnecting=2}, serverSettings=ServerSettings{heartbeatFrequencyMS=10000, minHeartbeatFrequencyMS=500, serverListeners='[]', serverMonitorListeners='[]'}, sslSettings=SslSettings{enabled=true, invalidHostNameAllowed=false, context=null}, applicationName='null', compressorList=[], uuidRepresentation=JAVA_LEGACY, serverApi=null, autoEncryptionSettings=null, dnsClient=null, inetAddressResolver=null, contextProvider=null}
2023-08-13T15:35:15.700-07:00  INFO 51014 --- [ex1.mongodb.net] org.mongodb.driver.cluster               : Adding discovered server ac-1wohlqv-shard-00-02.jgvtex1.mongodb.net:27017 to client view of cluster
2023-08-13T15:35:15.710-07:00  INFO 51014 --- [ex1.mongodb.net] org.mongodb.driver.cluster               : Adding discovered server ac-1wohlqv-shard-00-01.jgvtex1.mongodb.net:27017 to client view of cluster
2023-08-13T15:35:15.711-07:00  INFO 51014 --- [ex1.mongodb.net] org.mongodb.driver.cluster               : Adding discovered server ac-1wohlqv-shard-00-00.jgvtex1.mongodb.net:27017 to client view of cluster
2023-08-13T15:35:16.040-07:00  INFO 51014 --- [ngodb.net:27017] org.mongodb.driver.cluster               : Monitor thread successfully connected to server with description ServerDescription{address=ac-1wohlqv-shard-00-00.jgvtex1.mongodb.net:27017, type=REPLICA_SET_SECONDARY, state=CONNECTED, ok=true, minWireVersion=0, maxWireVersion=17, maxDocumentSize=16777216, logicalSessionTimeoutMinutes=30, roundTripTimeNanos=138378334, setName='atlas-9j2cji-shard-0', canonicalAddress=ac-1wohlqv-shard-00-00.jgvtex1.mongodb.net:27017, hosts=[ac-1wohlqv-shard-00-01.jgvtex1.mongodb.net:27017, ac-1wohlqv-shard-00-02.jgvtex1.mongodb.net:27017, ac-1wohlqv-shard-00-00.jgvtex1.mongodb.net:27017], passives=[], arbiters=[], primary='ac-1wohlqv-shard-00-01.jgvtex1.mongodb.net:27017', tagSet=TagSet{[Tag{name='nodeType', value='ELECTABLE'}, Tag{name='provider', value='AWS'}, Tag{name='region', value='US_WEST_2'}, Tag{name='workloadType', value='OPERATIONAL'}]}, electionId=null, setVersion=7, topologyVersion=TopologyVersion{processId=64d94bed0ecb337b1e17156f, counter=4}, lastWriteDate=Sun Aug 13 15:35:15 PDT 2023, lastUpdateTimeNanos=2290569406385416}
2023-08-13T15:35:16.040-07:00  INFO 51014 --- [ngodb.net:27017] org.mongodb.driver.cluster               : Monitor thread successfully connected to server with description ServerDescription{address=ac-1wohlqv-shard-00-01.jgvtex1.mongodb.net:27017, type=REPLICA_SET_PRIMARY, state=CONNECTED, ok=true, minWireVersion=0, maxWireVersion=17, maxDocumentSize=16777216, logicalSessionTimeoutMinutes=30, roundTripTimeNanos=135335750, setName='atlas-9j2cji-shard-0', canonicalAddress=ac-1wohlqv-shard-00-01.jgvtex1.mongodb.net:27017, hosts=[ac-1wohlqv-shard-00-01.jgvtex1.mongodb.net:27017, ac-1wohlqv-shard-00-02.jgvtex1.mongodb.net:27017, ac-1wohlqv-shard-00-00.jgvtex1.mongodb.net:27017], passives=[], arbiters=[], primary='ac-1wohlqv-shard-00-01.jgvtex1.mongodb.net:27017', tagSet=TagSet{[Tag{name='nodeType', value='ELECTABLE'}, Tag{name='provider', value='AWS'}, Tag{name='region', value='US_WEST_2'}, Tag{name='workloadType', value='OPERATIONAL'}]}, electionId=7fffffff00000000000000a3, setVersion=7, topologyVersion=TopologyVersion{processId=64d94d2131864cc183dec7c6, counter=6}, lastWriteDate=Sun Aug 13 15:35:15 PDT 2023, lastUpdateTimeNanos=2290569409059875}
2023-08-13T15:35:16.040-07:00  INFO 51014 --- [ngodb.net:27017] org.mongodb.driver.cluster               : Monitor thread successfully connected to server with description ServerDescription{address=ac-1wohlqv-shard-00-02.jgvtex1.mongodb.net:27017, type=REPLICA_SET_SECONDARY, state=CONNECTED, ok=true, minWireVersion=0, maxWireVersion=17, maxDocumentSize=16777216, logicalSessionTimeoutMinutes=30, roundTripTimeNanos=174006667, setName='atlas-9j2cji-shard-0', canonicalAddress=ac-1wohlqv-shard-00-02.jgvtex1.mongodb.net:27017, hosts=[ac-1wohlqv-shard-00-01.jgvtex1.mongodb.net:27017, ac-1wohlqv-shard-00-02.jgvtex1.mongodb.net:27017, ac-1wohlqv-shard-00-00.jgvtex1.mongodb.net:27017], passives=[], arbiters=[], primary='ac-1wohlqv-shard-00-01.jgvtex1.mongodb.net:27017', tagSet=TagSet{[Tag{name='nodeType', value='ELECTABLE'}, Tag{name='provider', value='AWS'}, Tag{name='region', value='US_WEST_2'}, Tag{name='workloadType', value='OPERATIONAL'}]}, electionId=null, setVersion=7, topologyVersion=TopologyVersion{processId=64d94df4c4c4bf8d79db3b8a, counter=3}, lastWriteDate=Sun Aug 13 15:35:15 PDT 2023, lastUpdateTimeNanos=2290569406382291}
2023-08-13T15:35:16.042-07:00  INFO 51014 --- [ngodb.net:27017] org.mongodb.driver.cluster               : Discovered replica set primary ac-1wohlqv-shard-00-01.jgvtex1.mongodb.net:27017 with max election id 7fffffff00000000000000a3 and max set version 7
2023-08-13T15:35:16.076-07:00  INFO 51014 --- [           main] d.r.R.ReelRatingsApplicationTests        : Started ReelRatingsApplicationTests in 1.024 seconds (process running for 1.444)
]]></system-out>
  </testcase>
</testsuite>